# JRE version: Java(TM) SE Runtime Environment (8.0_40-b26) (build 1.8.0_40-b26)
# Java VM: Java HotSpot(TM) 64-Bit Server VM (25.40-b25 mixed mode windows-amd64 compressed oops)
Heap:
 PSYoungGen      total 165888K, used 19212K [0x00000000eab00000, 0x00000000f5f80000, 0x0000000100000000)
  eden space 151552K, 12% used [0x00000000eab00000,0x00000000ebdc30f8,0x00000000f3f00000)
  from space 14336K, 0% used [0x00000000f4e80000,0x00000000f4e80000,0x00000000f5c80000)
  to   space 15872K, 0% used [0x00000000f3f00000,0x00000000f3f00000,0x00000000f4e80000)
 ParOldGen       total 53760K, used 46336K [0x00000000c0000000, 0x00000000c3480000, 0x00000000eab00000)
  object space 53760K, 86% used [0x00000000c0000000,0x00000000c2d40170,0x00000000c3480000)
 Metaspace       used 42982K, capacity 44934K, committed 45400K, reserved 1087488K
  class space    used 5871K, capacity 6645K, committed 6784K, reserved 1048576K
GC Heap History (10 events):
Event: 229.100 GC heap before
{Heap before GC invocations=25 (full 1):
 PSYoungGen      total 137216K, used 66739K [0x00000000eab00000, 0x00000000f3d00000, 0x0000000100000000)
  eden space 134656K, 47% used [0x00000000eab00000,0x00000000ee9f4f30,0x00000000f2e80000)
  from space 2560K, 88% used [0x00000000f3480000,0x00000000f36b8020,0x00000000f3700000)
  to   space 6144K, 0% used [0x00000000f3700000,0x00000000f3700000,0x00000000f3d00000)
 ParOldGen       total 27136K, used 17564K [0x00000000c0000000, 0x00000000c1a80000, 0x00000000eab00000)
  object space 27136K, 64% used [0x00000000c0000000,0x00000000c1127270,0x00000000c1a80000)
 Metaspace       used 33946K, capacity 35292K, committed 35416K, reserved 1079296K
  class space    used 4470K, capacity 4963K, committed 4992K, reserved 1048576K
Event: 229.168 GC heap after
Heap after GC invocations=25 (full 1):
 PSYoungGen      total 135168K, used 6129K [0x00000000eab00000, 0x00000000f3d00000, 0x0000000100000000)
  eden space 129024K, 0% used [0x00000000eab00000,0x00000000eab00000,0x00000000f2900000)
  from space 6144K, 99% used [0x00000000f3700000,0x00000000f3cfc5c8,0x00000000f3d00000)
  to   space 9216K, 0% used [0x00000000f2b00000,0x00000000f2b00000,0x00000000f3400000)
 ParOldGen       total 27136K, used 21641K [0x00000000c0000000, 0x00000000c1a80000, 0x00000000eab00000)
  object space 27136K, 79% used [0x00000000c0000000,0x00000000c1522518,0x00000000c1a80000)
 Metaspace       used 33946K, capacity 35292K, committed 35416K, reserved 1079296K
  class space    used 4470K, capacity 4963K, committed 4992K, reserved 1048576K
}
Event: 229.168 GC heap before
{Heap before GC invocations=26 (full 2):
 PSYoungGen      total 135168K, used 6129K [0x00000000eab00000, 0x00000000f3d00000, 0x0000000100000000)
  eden space 129024K, 0% used [0x00000000eab00000,0x00000000eab00000,0x00000000f2900000)
  from space 6144K, 99% used [0x00000000f3700000,0x00000000f3cfc5c8,0x00000000f3d00000)
  to   space 9216K, 0% used [0x00000000f2b00000,0x00000000f2b00000,0x00000000f3400000)
 ParOldGen       total 27136K, used 21641K [0x00000000c0000000, 0x00000000c1a80000, 0x00000000eab00000)
  object space 27136K, 79% used [0x00000000c0000000,0x00000000c1522518,0x00000000c1a80000)
 Metaspace       used 33946K, capacity 35292K, committed 35416K, reserved 1079296K
  class space    used 4470K, capacity 4963K, committed 4992K, reserved 1048576K
Event: 229.662 GC heap after
Heap after GC invocations=26 (full 2):
 PSYoungGen      total 135168K, used 0K [0x00000000eab00000, 0x00000000f3d00000, 0x0000000100000000)
  eden space 129024K, 0% used [0x00000000eab00000,0x00000000eab00000,0x00000000f2900000)
  from space 6144K, 0% used [0x00000000f3700000,0x00000000f3700000,0x00000000f3d00000)
  to   space 9216K, 0% used [0x00000000f2b00000,0x00000000f2b00000,0x00000000f3400000)
 ParOldGen       total 53760K, used 26401K [0x00000000c0000000, 0x00000000c3480000, 0x00000000eab00000)
  object space 53760K, 49% used [0x00000000c0000000,0x00000000c19c85c8,0x00000000c3480000)
 Metaspace       used 33946K, capacity 35292K, committed 35416K, reserved 1079296K
  class space    used 4470K, capacity 4963K, committed 4992K, reserved 1048576K
}
Event: 243.347 GC heap before
{Heap before GC invocations=27 (full 2):
 PSYoungGen      total 135168K, used 129024K [0x00000000eab00000, 0x00000000f3d00000, 0x0000000100000000)
  eden space 129024K, 100% used [0x00000000eab00000,0x00000000f2900000,0x00000000f2900000)
  from space 6144K, 0% used [0x00000000f3700000,0x00000000f3700000,0x00000000f3d00000)
  to   space 9216K, 0% used [0x00000000f2b00000,0x00000000f2b00000,0x00000000f3400000)
 ParOldGen       total 53760K, used 26401K [0x00000000c0000000, 0x00000000c3480000, 0x00000000eab00000)
  object space 53760K, 49% used [0x00000000c0000000,0x00000000c19c85c8,0x00000000c3480000)
 Metaspace       used 39392K, capacity 41006K, committed 41304K, reserved 1085440K
  class space    used 5298K, capacity 5896K, committed 6016K, reserved 1048576K
Event: 243.462 GC heap after
Heap after GC invocations=27 (full 2):
 PSYoungGen      total 140288K, used 9184K [0x00000000eab00000, 0x00000000f5c80000, 0x0000000100000000)
  eden space 131072K, 0% used [0x00000000eab00000,0x00000000eab00000,0x00000000f2b00000)
  from space 9216K, 99% used [0x00000000f2b00000,0x00000000f33f8010,0x00000000f3400000)
  to   space 14336K, 0% used [0x00000000f4e80000,0x00000000f4e80000,0x00000000f5c80000)
 ParOldGen       total 53760K, used 35515K [0x00000000c0000000, 0x00000000c3480000, 0x00000000eab00000)
  object space 53760K, 66% used [0x00000000c0000000,0x00000000c22aec28,0x00000000c3480000)
 Metaspace       used 39392K, capacity 41006K, committed 41304K, reserved 1085440K
  class space    used 5298K, capacity 5896K, committed 6016K, reserved 1048576K
}
Event: 248.148 GC heap before
{Heap before GC invocations=28 (full 2):
 PSYoungGen      total 140288K, used 103395K [0x00000000eab00000, 0x00000000f5c80000, 0x0000000100000000)
  eden space 131072K, 71% used [0x00000000eab00000,0x00000000f0700fb0,0x00000000f2b00000)
  from space 9216K, 99% used [0x00000000f2b00000,0x00000000f33f8010,0x00000000f3400000)
  to   space 14336K, 0% used [0x00000000f4e80000,0x00000000f4e80000,0x00000000f5c80000)
 ParOldGen       total 53760K, used 35515K [0x00000000c0000000, 0x00000000c3480000, 0x00000000eab00000)
  object space 53760K, 66% used [0x00000000c0000000,0x00000000c22aec28,0x00000000c3480000)
 Metaspace       used 42961K, capacity 45130K, committed 45400K, reserved 1087488K
  class space    used 5881K, capacity 6734K, committed 6784K, reserved 1048576K
Event: 248.212 GC heap after
Heap after GC invocations=28 (full 2):
 PSYoungGen      total 165888K, used 10925K [0x00000000eab00000, 0x00000000f5f80000, 0x0000000100000000)
  eden space 151552K, 0% used [0x00000000eab00000,0x00000000eab00000,0x00000000f3f00000)
  from space 14336K, 76% used [0x00000000f4e80000,0x00000000f592b7c0,0x00000000f5c80000)
  to   space 15872K, 0% used [0x00000000f3f00000,0x00000000f3f00000,0x00000000f4e80000)
 ParOldGen       total 53760K, used 44743K [0x00000000c0000000, 0x00000000c3480000, 0x00000000eab00000)
  object space 53760K, 83% used [0x00000000c0000000,0x00000000c2bb1d08,0x00000000c3480000)
 Metaspace       used 42961K, capacity 45130K, committed 45400K, reserved 1087488K
  class space    used 5881K, capacity 6734K, committed 6784K, reserved 1048576K
}
Event: 248.212 GC heap before
{Heap before GC invocations=29 (full 3):
 PSYoungGen      total 165888K, used 10925K [0x00000000eab00000, 0x00000000f5f80000, 0x0000000100000000)
  eden space 151552K, 0% used [0x00000000eab00000,0x00000000eab00000,0x00000000f3f00000)
  from space 14336K, 76% used [0x00000000f4e80000,0x00000000f592b7c0,0x00000000f5c80000)
  to   space 15872K, 0% used [0x00000000f3f00000,0x00000000f3f00000,0x00000000f4e80000)
 ParOldGen       total 53760K, used 44743K [0x00000000c0000000, 0x00000000c3480000, 0x00000000eab00000)
  object space 53760K, 83% used [0x00000000c0000000,0x00000000c2bb1d08,0x00000000c3480000)
 Metaspace       used 42961K, capacity 45130K, committed 45400K, reserved 1087488K
  class space    used 5881K, capacity 6734K, committed 6784K, reserved 1048576K
Event: 249.034 GC heap after
Heap after GC invocations=29 (full 3):
 PSYoungGen      total 165888K, used 0K [0x00000000eab00000, 0x00000000f5f80000, 0x0000000100000000)
  eden space 151552K, 0% used [0x00000000eab00000,0x00000000eab00000,0x00000000f3f00000)
  from space 14336K, 0% used [0x00000000f4e80000,0x00000000f4e80000,0x00000000f5c80000)
  to   space 15872K, 0% used [0x00000000f3f00000,0x00000000f3f00000,0x00000000f4e80000)
 ParOldGen       total 53760K, used 46336K [0x00000000c0000000, 0x00000000c3480000, 0x00000000eab00000)
  object space 53760K, 86% used [0x00000000c0000000,0x00000000c2d40170,0x00000000c3480000)
 Metaspace       used 42818K, capacity 44628K, committed 45400K, reserved 1087488K
  class space    used 5849K, capacity 6564K, committed 6784K, reserved 1048576K
}

